Electrostatic potential parameters

Grid information (see 1_default_grid.dat in Angstrom)
    Number of grid points:            1075

Quantum electrostatic potential (see 1_default_grid_esp.dat)

Constraints
    Charge constraints
        Total charge of   0.06752654 on the set   2
        Total charge of   0.08393863 on the set   3
        Total charge of  -0.46785185 on the set   4
        Total charge of   0.12070441 on the set   5
        Total charge of  -0.09084137 on the set   6
        Total charge of   0.35834418 on the set   7
        Total charge of  -0.49495332 on the set   8
        Total charge of  -0.04696914 on the set   9
        Total charge of   0.37000392 on the set  11
        Total charge of  -0.53027863 on the set  12
        Total charge of   0.01788319 on the set  13
        Total charge of   0.17379173 on the set  18
    Equality constraints
        Equal charges on atoms
                                 15  16  17
                                 19  20  21
                                 22  23  24

Restraint
    Hyperbolic restraint to a charge of zero
    Hydrogen atoms are not restrained
    resp_a:                           0.0010
    resp_b:                           0.1000

Fit

Electrostatic Potential Charges
   Center  Symbol       ESP      RESP
      1    C      -0.24802912 -0.20809993
      2    N       0.06752654  0.06752654
      3    C       0.08393863  0.08393863
      4    N      -0.46785185 -0.46785185
      5    C       0.12070441  0.12070441
      6    C      -0.09084137 -0.09084137
      7    C       0.35834418  0.35834418
      8    O      -0.49495332 -0.49495332
      9    N      -0.04696914 -0.04696914
     10    C      -0.03932731 -0.02877640
     11    C       0.37000392  0.37000392
     12    O      -0.53027863 -0.53027863
     13    N       0.01788319  0.01788319
     14    C       0.04028869  0.01153925
     15    H       0.12483295  0.11234474
     16    H       0.12483295  0.11234474
     17    H       0.12483295  0.11234474
     18    H       0.17379173  0.17379173
     19    H       0.06318745  0.06012366
     20    H       0.06318745  0.06012366
     21    H       0.06318745  0.06012366
     22    H       0.04056942  0.04887786
     23    H       0.04056942  0.04887786
     24    H       0.04056942  0.04887786
Total Charge:      0.00000000 -0.00000000
